Iter 0 MPI_Send: 83.446 ms
Iter 0 Compute: 10.0703 ms
Iter 1 MPI_Send: 83.6948 ms
Iter 1 Compute: 10.0085 ms
Iter 2 MPI_Send: 83.6729 ms
Iter 2 Compute: 10.0039 ms
Iter 3 MPI_Send: 83.6941 ms
Iter 3 Compute: 10.0042 ms
Iter 4 MPI_Send: 83.6889 ms
Iter 4 Compute: 10.0081 ms
Iter 5 MPI_Send: 83.7167 ms
Iter 5 Compute: 10.006 ms
Iter 6 MPI_Send: 83.7563 ms
Iter 6 Compute: 10.0048 ms
Iter 7 MPI_Send: 83.7549 ms
Iter 7 Compute: 10.0034 ms
Iter 8 MPI_Send: 83.7946 ms
Iter 8 Compute: 10.0031 ms
Iter 9 MPI_Send: 83.8243 ms
Iter 9 Compute: 10.0256 ms
Total: 937.217 ms
Iter 0 MPI_Isend: 0.058408 ms
Iter 0 Compute: 10.0637 ms
Iter 1 MPI_Isend: 0.001913 ms
Iter 1 Compute: 10.0025 ms
Iter 2 MPI_Isend: 0.00047 ms
Iter 2 Compute: 10.002 ms
Iter 3 MPI_Isend: 0.000443 ms
Iter 3 Compute: 10.0017 ms
Iter 4 MPI_Isend: 0.000492 ms
Iter 4 Compute: 10.0016 ms
Iter 5 MPI_Isend: 0.000433 ms
Iter 5 Compute: 10.0015 ms
Iter 6 MPI_Isend: 0.000439 ms
Iter 6 Compute: 10.0016 ms
Iter 7 MPI_Isend: 0.000454 ms
Iter 7 Compute: 10.0015 ms
Iter 8 MPI_Isend: 0.000457 ms
Iter 8 Compute: 10.0015 ms
Iter 9 MPI_Isend: 0.009465 ms
Iter 9 Compute: 10.002 ms
Wait Request: 643.494 ms
Total: 743.697 ms
Iter 0 MPI_Send: 83.5139 ms
Iter 0 Compute: 20.0716 ms
Iter 1 MPI_Send: 83.7664 ms
Iter 1 Compute: 20.0047 ms
Iter 2 MPI_Send: 83.8124 ms
Iter 2 Compute: 20.0044 ms
Iter 3 MPI_Send: 83.7961 ms
Iter 3 Compute: 20.0044 ms
Iter 4 MPI_Send: 83.7999 ms
Iter 4 Compute: 20.0035 ms
Iter 5 MPI_Send: 83.8758 ms
Iter 5 Compute: 20.0042 ms
Iter 6 MPI_Send: 83.9268 ms
Iter 6 Compute: 20.0063 ms
Iter 7 MPI_Send: 83.9423 ms
Iter 7 Compute: 20.0034 ms
Iter 8 MPI_Send: 84.0022 ms
Iter 8 Compute: 20.0279 ms
Iter 9 MPI_Send: 83.9822 ms
Iter 9 Compute: 20.0038 ms
Total: 1038.59 ms
Iter 0 MPI_Isend: 0.048009 ms
Iter 0 Compute: 20.08 ms
Iter 1 MPI_Isend: 0.001508 ms
Iter 1 Compute: 20.0025 ms
Iter 2 MPI_Isend: 0.000547 ms
Iter 2 Compute: 20.0018 ms
Iter 3 MPI_Isend: 0.000497 ms
Iter 3 Compute: 20.0016 ms
Iter 4 MPI_Isend: 0.00052 ms
Iter 4 Compute: 20.0016 ms
Iter 5 MPI_Isend: 0.000537 ms
Iter 5 Compute: 20.0016 ms
Iter 6 MPI_Isend: 0.045738 ms
Iter 6 Compute: 20.0025 ms
Iter 7 MPI_Isend: 0.001087 ms
Iter 7 Compute: 20.0017 ms
Iter 8 MPI_Isend: 0.00043 ms
Iter 8 Compute: 20.0016 ms
Iter 9 MPI_Isend: 0.000466 ms
Iter 9 Compute: 20.0016 ms
Wait Request: 542.74 ms
Total: 742.995 ms
Iter 0 MPI_Send: 83.449 ms
Iter 0 Compute: 40.0683 ms
Iter 1 MPI_Send: 84.0071 ms
Iter 1 Compute: 40.0049 ms
Iter 2 MPI_Send: 83.9614 ms
Iter 2 Compute: 40.0037 ms
Iter 3 MPI_Send: 84.0301 ms
Iter 3 Compute: 40.0034 ms
Iter 4 MPI_Send: 84.0822 ms
Iter 4 Compute: 40.0036 ms
Iter 5 MPI_Send: 84.1332 ms
Iter 5 Compute: 40.0076 ms
Iter 6 MPI_Send: 84.1308 ms
Iter 6 Compute: 40.0032 ms
Iter 7 MPI_Send: 84.2418 ms
Iter 7 Compute: 40.0257 ms
Iter 8 MPI_Send: 84.328 ms
Iter 8 Compute: 40.0037 ms
Iter 9 MPI_Send: 84.8898 ms
Iter 9 Compute: 40.0034 ms
Total: 1241.43 ms
Iter 0 MPI_Isend: 0.047762 ms
Iter 0 Compute: 40.1262 ms
Iter 1 MPI_Isend: 0.002105 ms
Iter 1 Compute: 40.0025 ms
Iter 2 MPI_Isend: 0.000667 ms
Iter 2 Compute: 40.0019 ms
Iter 3 MPI_Isend: 0.010108 ms
Iter 3 Compute: 40.0019 ms
Iter 4 MPI_Isend: 0.00065 ms
Iter 4 Compute: 40.0017 ms
Iter 5 MPI_Isend: 0.000592 ms
Iter 5 Compute: 40.0016 ms
Iter 6 MPI_Isend: 0.000525 ms
Iter 6 Compute: 40.0015 ms
Iter 7 MPI_Isend: 0.001172 ms
Iter 7 Compute: 40.002 ms
Iter 8 MPI_Isend: 0.000713 ms
Iter 8 Compute: 40.0015 ms
Iter 9 MPI_Isend: 0.001386 ms
Iter 9 Compute: 40.0016 ms
Wait Request: 441.117 ms
Total: 841.396 ms
Iter 0 MPI_Send: 83.5031 ms
Iter 0 Compute: 80.0725 ms
Iter 1 MPI_Send: 84.1835 ms
Iter 1 Compute: 80.0054 ms
Iter 2 MPI_Send: 84.2528 ms
Iter 2 Compute: 80.0044 ms
Iter 3 MPI_Send: 84.3073 ms
Iter 3 Compute: 80.0054 ms
Iter 4 MPI_Send: 84.7968 ms
Iter 4 Compute: 80.0056 ms
Iter 5 MPI_Send: 84.9677 ms
Iter 5 Compute: 80.012 ms
Iter 6 MPI_Send: 84.9454 ms
Iter 6 Compute: 80.0042 ms
Iter 7 MPI_Send: 85.0616 ms
Iter 7 Compute: 80.0114 ms
Iter 8 MPI_Send: 85.082 ms
Iter 8 Compute: 80.0061 ms
Iter 9 MPI_Send: 85.1057 ms
Iter 9 Compute: 80.004 ms
Total: 1646.39 ms
Iter 0 MPI_Isend: 0.049991 ms
Iter 0 Compute: 80.0703 ms
Iter 1 MPI_Isend: 0.001463 ms
Iter 1 Compute: 80.0025 ms
Iter 2 MPI_Isend: 0.009811 ms
Iter 2 Compute: 80.0021 ms
Iter 3 MPI_Isend: 0.000665 ms
Iter 3 Compute: 80.0015 ms
Iter 4 MPI_Isend: 0.00048 ms
Iter 4 Compute: 80.0016 ms
Iter 5 MPI_Isend: 0.000944 ms
Iter 5 Compute: 80.0015 ms
Iter 6 MPI_Isend: 0.000437 ms
Iter 6 Compute: 80.0014 ms
Iter 7 MPI_Isend: 0.000524 ms
Iter 7 Compute: 80.0014 ms
Iter 8 MPI_Isend: 0.000529 ms
Iter 8 Compute: 80.0014 ms
Iter 9 MPI_Isend: 0.000955 ms
Iter 9 Compute: 80.0014 ms
Wait Request: 0.012363 ms
Total: 800.213 ms
Iter 0 MPI_Send: 66.4583 ms
Iter 0 Compute: 160.06 ms
Iter 1 MPI_Send: 66.6513 ms
Iter 1 Compute: 160.005 ms
Iter 2 MPI_Send: 66.662 ms
Iter 2 Compute: 160.003 ms
Iter 3 MPI_Send: 66.6856 ms
Iter 3 Compute: 160.005 ms
Iter 4 MPI_Send: 66.7089 ms
Iter 4 Compute: 160.012 ms
Iter 5 MPI_Send: 66.7374 ms
Iter 5 Compute: 160.003 ms
Iter 6 MPI_Send: 66.7658 ms
Iter 6 Compute: 160.003 ms
Iter 7 MPI_Send: 66.747 ms
Iter 7 Compute: 160.003 ms
Iter 8 MPI_Send: 66.7976 ms
Iter 8 Compute: 160.004 ms
Iter 9 MPI_Send: 66.7806 ms
Iter 9 Compute: 160.004 ms
Total: 2267.18 ms
Iter 0 MPI_Isend: 0.045318 ms
Iter 0 Compute: 160.073 ms
Iter 1 MPI_Isend: 0.010135 ms
Iter 1 Compute: 160.002 ms
Iter 2 MPI_Isend: 0.001027 ms
Iter 2 Compute: 160.002 ms
Iter 3 MPI_Isend: 0.001335 ms
Iter 3 Compute: 160.002 ms
Iter 4 MPI_Isend: 0.001087 ms
Iter 4 Compute: 160.001 ms
Iter 5 MPI_Isend: 0.000571 ms
Iter 5 Compute: 160.002 ms
Iter 6 MPI_Isend: 0.024066 ms
Iter 6 Compute: 160.002 ms
Iter 7 MPI_Isend: 0.001278 ms
Iter 7 Compute: 160.002 ms
Iter 8 MPI_Isend: 0.023072 ms
Iter 8 Compute: 160.002 ms
Iter 9 MPI_Isend: 0.000689 ms
Iter 9 Compute: 160.002 ms
Wait Request: 0.066397 ms
Total: 1600.36 ms
