make: Nothing to be done for 'all'.
openmp_pow: n = 112000, m = 100000, thread_count = 1
Congratulations!
Time Cost: 14022046 us

openmp_pow: n = 112000, m = 100000, thread_count = 7
Congratulations!
Time Cost: 2021724 us

openmp_pow: n = 112000, m = 100000, thread_count = 14
Congratulations!
Time Cost: 1009820 us

openmp_pow: n = 112000, m = 100000, thread_count = 28
Congratulations!
Time Cost: 510102 us

mpi_pow: n = 112000, m = 100000, process_count = 1
Congratulations!
Time Cost: 14005658 us

mpi_pow: n = 112000, m = 100000, process_count = 7
Congratulations!
Time Cost: 2011357 us

mpi_pow: n = 112000, m = 100000, process_count = 14
Congratulations!
Time Cost: 1016700 us

mpi_pow: n = 112000, m = 100000, process_count = 28
Congratulations!
Time Cost: 528574 us

mpi_pow: n = 112000, m = 100000, process_count = 56
Congratulations!
Time Cost: 343080 us

All done!
